2025-04-20 08:50:00 | INFO | repo=pv243-a4m36jee-2018-security-seminar | action=commit
2025-05-15 17:52:00 | DEBUG | repo=pv243-a4m36jee-2018-security-seminar | action=commit
2025-01-24 20:07:00 | DEBUG | repo=pv243-a4m36jee-2018-security-seminar | action=commit
2025-07-03 15:02:00 | DEBUG | repo=pv243-a4m36jee-2018-security-seminar | action=commit
2025-06-24 08:07:00 | WARN | repo=pv243-a4m36jee-2018-security-seminar | action=commit
2025-12-13 21:09:00 | INFO | repo=pv243-a4m36jee-2018-security-seminar | action=commit
2025-09-16 07:58:00 | INFO | repo=pv243-a4m36jee-2018-security-seminar | action=commit
2025-09-03 16:11:00 | DEBUG | repo=pv243-a4m36jee-2018-security-seminar | action=commit
2025-08-09 07:01:00 | WARN | repo=pv243-a4m36jee-2018-security-seminar | action=commit
2025-05-22 21:30:00 | DEBUG | repo=pv243-a4m36jee-2018-security-seminar | action=commit
2025-11-05 14:25:00 | INFO | repo=pv243-a4m36jee-2018-security-seminar | action=commit
2025-09-12 19:46:00 | DEBUG | repo=pv243-a4m36jee-2018-security-seminar | action=commit
2025-05-11 18:32:00 | DEBUG | repo=pv243-a4m36jee-2018-security-seminar | action=commit
2025-09-25 16:13:00 | WARN | repo=pv243-a4m36jee-2018-security-seminar | action=commit
2025-01-08 18:01:00 | DEBUG | repo=pv243-a4m36jee-2018-security-seminar | action=commit
2025-11-07 11:48:00 | INFO | repo=pv243-a4m36jee-2018-security-seminar | action=commit
2025-04-21 07:04:00 | DEBUG | repo=pv243-a4m36jee-2018-security-seminar | action=edit | files=1
2025-12-19 07:54:00 | DEBUG | repo=pv243-a4m36jee-2018-security-seminar | action=commit
2025-05-22 10:24:00 | DEBUG | repo=pv243-a4m36jee-2018-security-seminar | action=edit | files=3
2025-11-19 19:18:00 | DEBUG | repo=pv243-a4m36jee-2018-security-seminar | action=commit
2025-02-01 13:23:00 | WARN | repo=pv243-a4m36jee-2018-security-seminar | action=commit
2025-05-26 21:50:00 | DEBUG | repo=pv243-a4m36jee-2018-security-seminar | action=pull
2025-07-09 09:27:00 | DEBUG | repo=pv243-a4m36jee-2018-security-seminar | action=edit | files=2
2025-10-06 14:36:00 | INFO | repo=pv243-a4m36jee-2018-security-seminar | action=commit
2025-06-09 09:25:00 | WARN | repo=pv243-a4m36jee-2018-security-seminar | action=commit
2025-06-05 21:12:00 | INFO | repo=pv243-a4m36jee-2018-security-seminar | action=commit
2025-04-27 18:32:00 | INFO | repo=pv243-a4m36jee-2018-security-seminar | action=commit
2025-10-11 11:10:00 | WARN | repo=pv243-a4m36jee-2018-security-seminar | action=pull
2025-12-12 15:55:00 | WARN | repo=pv243-a4m36jee-2018-security-seminar | action=commit
2025-07-04 12:21:00 | WARN | repo=pv243-a4m36jee-2018-security-seminar | action=commit
2025-02-08 10:46:00 | DEBUG | repo=pv243-a4m36jee-2018-security-seminar | action=commit
2025-12-27 08:34:00 | DEBUG | repo=pv243-a4m36jee-2018-security-seminar | action=commit
2025-06-03 14:59:00 | WARN | repo=pv243-a4m36jee-2018-security-seminar | action=commit
2025-12-15 17:40:00 | DEBUG | repo=pv243-a4m36jee-2018-security-seminar | action=commit
2025-02-10 08:56:00 | DEBUG | repo=pv243-a4m36jee-2018-security-seminar | action=commit
2025-05-26 20:46:00 | DEBUG | repo=pv243-a4m36jee-2018-security-seminar | action=commit
